Determining if the pthread_create exist failed with the following output:
Change Dir: /keytalk/Software/Import/yaml-cpp-release-0.5.3/CMakeFiles/CMakeTmp

Run Build Command:/bin/gmake "cmTryCompileExec298167635/fast"
/bin/gmake -f CMakeFiles/cmTryCompileExec298167635.dir/build.make CMakeFiles/cmTryCompileExec298167635.dir/build
gmake[1]: Entering directory `/keytalk/Software/Import/yaml-cpp-release-0.5.3/CMakeFiles/CMakeTmp'
/usr/bin/cmake -E cmake_progress_report /keytalk/Software/Import/yaml-cpp-release-0.5.3/CMakeFiles/CMakeTmp/CMakeFiles 1
Building C object CMakeFiles/cmTryCompileExec298167635.dir/CheckSymbolExists.c.o
/bin/cc    -o CMakeFiles/cmTryCompileExec298167635.dir/CheckSymbolExists.c.o   -c /keytalk/Software/Import/yaml-cpp-release-0.5.3/CMakeFiles/CMakeTmp/CheckSymbolExists.c
Linking C executable cmTryCompileExec298167635
/usr/bin/cmake -E cmake_link_script CMakeFiles/cmTryCompileExec298167635.dir/link.txt --verbose=1
/bin/cc       CMakeFiles/cmTryCompileExec298167635.dir/CheckSymbolExists.c.o  -o cmTryCompileExec298167635 -rdynamic 
CMakeFiles/cmTryCompileExec298167635.dir/CheckSymbolExists.c.o: In function `main':
CheckSymbolExists.c:(.text+0x16): undefined reference to `pthread_create'
collect2: error: ld returned 1 exit status
gmake[1]: Leaving directory `/keytalk/Software/Import/yaml-cpp-release-0.5.3/CMakeFiles/CMakeTmp'
gmake[1]: *** [cmTryCompileExec298167635] Error 1
gmake: *** [cmTryCompileExec298167635/fast] Error 2

File /keytalk/Software/Import/yaml-cpp-release-0.5.3/CMakeFiles/CMakeTmp/CheckSymbolExists.c:
/* */
#include <pthread.h>

int main(int argc, char** argv)
{
  (void)argv;
#ifndef pthread_create
  return ((int*)(&pthread_create))[argc];
#else
  (void)argc;
  return 0;
#endif
}

Determining if the function pthread_create exists in the pthreads failed with the following output:
Change Dir: /keytalk/Software/Import/yaml-cpp-release-0.5.3/CMakeFiles/CMakeTmp

Run Build Command:/bin/gmake "cmTryCompileExec3489502936/fast"
/bin/gmake -f CMakeFiles/cmTryCompileExec3489502936.dir/build.make CMakeFiles/cmTryCompileExec3489502936.dir/build
gmake[1]: Entering directory `/keytalk/Software/Import/yaml-cpp-release-0.5.3/CMakeFiles/CMakeTmp'
/usr/bin/cmake -E cmake_progress_report /keytalk/Software/Import/yaml-cpp-release-0.5.3/CMakeFiles/CMakeTmp/CMakeFiles 1
Building C object CMakeFiles/cmTryCompileExec3489502936.dir/CheckFunctionExists.c.o
/bin/cc   -DCHECK_FUNCTION_EXISTS=pthread_create   -o CMakeFiles/cmTryCompileExec3489502936.dir/CheckFunctionExists.c.o   -c /usr/share/cmake/Modules/CheckFunctionExists.c
Linking C executable cmTryCompileExec3489502936
/usr/bin/cmake -E cmake_link_script CMakeFiles/cmTryCompileExec3489502936.dir/link.txt --verbose=1
/bin/cc   -DCHECK_FUNCTION_EXISTS=pthread_create    CMakeFiles/cmTryCompileExec3489502936.dir/CheckFunctionExists.c.o  -o cmTryCompileExec3489502936 -rdynamic -lpthreads 
/bin/ld: cannot find -lpthreads
collect2: error: ld returned 1 exit status
gmake[1]: Leaving directory `/keytalk/Software/Import/yaml-cpp-release-0.5.3/CMakeFiles/CMakeTmp'
gmake[1]: *** [cmTryCompileExec3489502936] Error 1
gmake: *** [cmTryCompileExec3489502936/fast] Error 2


